g:\c++demo\vs2017project\继承\继承\debug\vc141.pdb
g:\c++demo\vs2017project\继承\继承\debug\vc141.idb
g:\c++demo\vs2017project\继承\继承\debug\面向抽象类编程-电脑组装.obj
g:\c++demo\vs2017project\继承\继承\debug\面向抽象类编程-动物园.obj
g:\c++demo\vs2017project\继承\继承\debug\虚继承.obj
g:\c++demo\vs2017project\继承\继承\debug\继承原理.obj
g:\c++demo\vs2017project\继承\继承\debug\纯虚函数实现例子.obj
g:\c++demo\vs2017project\继承\继承\debug\纯虚函数与多继承.obj
g:\c++demo\vs2017project\继承\继承\debug\父类与子类变量名相同.obj
g:\c++demo\vs2017project\继承\继承\debug\抽象类和纯虚函数.obj
g:\c++demo\vs2017project\继承\继承\debug\子类中的构造和析构.obj
g:\c++demo\vs2017project\继承\继承\debug\多态练习.obj
g:\c++demo\vs2017project\继承\继承\debug\多态的理解.obj
g:\c++demo\vs2017project\继承\继承\debug\多态的概念.obj
g:\c++demo\vs2017project\继承\继承\debug\多态原理.obj
g:\c++demo\vs2017project\继承\debug\继承.ilk
g:\c++demo\vs2017project\继承\debug\继承.exe
g:\c++demo\vs2017project\继承\debug\继承.pdb
g:\c++demo\vs2017project\继承\继承\debug\继承.tlog\cl.command.1.tlog
g:\c++demo\vs2017project\继承\继承\debug\继承.tlog\cl.read.1.tlog
g:\c++demo\vs2017project\继承\继承\debug\继承.tlog\cl.write.1.tlog
g:\c++demo\vs2017project\继承\继承\debug\继承.tlog\link.command.1.tlog
g:\c++demo\vs2017project\继承\继承\debug\继承.tlog\link.read.1.tlog
g:\c++demo\vs2017project\继承\继承\debug\继承.tlog\link.write.1.tlog
